<?xml version="1.0" encoding="UTF-8"?>
<!-- Generated by org.testng.reporters.JUnitXMLReporter -->
<testsuite ignored="22" hostname="DVM030" failures="0" tests="22" name="SandboxTestCases" time="55.541" errors="0" timestamp="2021-01-27T10:52:16 MEZ">
  <testcase classname="sandbox.selenium.testcases.CreateUseCaseOne" name="createUseCase" time="3.529"/>
  <testcase classname="sandbox.selenium.testcases.CreateUseCaseTwo" name="createUseCase" time="3.27"/>
  <testcase classname="sandbox.selenium.testcases.CreateUseCaseThree" name="createUseCase" time="3.17"/>
  <testcase classname="sandbox.selenium.testcases.CreateUseCaseFour" name="createUseCase" time="3.765"/>
  <testcase classname="sandbox.selenium.testcases.CreateUseCaseFive" name="createUseCase" time="2.674"/>
  <testcase classname="sandbox.selenium.testcases.EditCaseWithReplacingChar" name="replacingCharacters" time="3.429"/>
  <testcase classname="sandbox.selenium.testcases.PlaygroundTest" name="createNewSeniorities" time="1.187"/>
  <testcase classname="sandbox.selenium.testcases.PlaygroundTest" name="createNewTeams" time="1.098"/>
  <testcase classname="sandbox.selenium.testcases.PlaygroundTest" name="createNewTechnologies" time="0.981"/>
  <testcase classname="sandbox.selenium.testcases.PlaygroundTest" name="createNewPersons" time="3.784"/>
  <testcase classname="sandbox.selenium.testcases.PlaygroundTest" name="createNewProject" time="0.876"/>
  <testcase classname="sandbox.selenium.testcases.CreateNewIssue" name="reportNewIssue" time="3.032"/>
  <testcase classname="sandbox.selenium.testcases.CreateNewIssueWithRandomList" name="reportNewIssue" time="2.494"/>
  <testcase classname="sandbox.selenium.testcases.RemoveCreatedIssue" name="removingIssue" time="0.38"/>
  <testcase classname="sandbox.selenium.testcases.CheckLoginValidations" name="emptyUsernameAndPassword" time="1.113"/>
  <testcase classname="sandbox.selenium.testcases.CheckLoginValidations" name="wrongUsernameAndPassword" time="1.315"/>
  <testcase classname="sandbox.selenium.testcases.CheckLoginValidations" name="correctUsernameAndWrongPassword" time="1.254"/>
  <testcase classname="sandbox.selenium.testcases.CheckLoginValidations" name="correctPasswordAndShortUsername" time="1.236"/>
  <testcase classname="sandbox.selenium.testcases.CheckPasswordValidations" name="emptyCurrentNewAndConfirmPass" time="1.12"/>
  <testcase classname="sandbox.selenium.testcases.CheckPasswordValidations" name="wrongCurrentPass" time="1.398"/>
  <testcase classname="sandbox.selenium.testcases.CheckPasswordValidations" name="wrongNewPassLength" time="1.329"/>
  <testcase classname="sandbox.selenium.testcases.CheckPasswordValidations" name="wrongMatchNewAndConfirmPass" time="1.311"/>
  <testcase classname="sandbox.selenium.base.BaseTest" name="@BeforeTest setUp" time="0.0">
    <ignored/>
  </testcase> <!-- @BeforeTest setUp -->
  <testcase classname="sandbox.selenium.base.BaseTest" name="@BeforeTest setUp" time="0.0">
    <ignored/>
  </testcase> <!-- @BeforeTest setUp -->
  <testcase classname="sandbox.selenium.base.BaseTest" name="@BeforeTest setUp" time="0.0">
    <ignored/>
  </testcase> <!-- @BeforeTest setUp -->
  <testcase classname="sandbox.selenium.base.BaseTest" name="@BeforeTest setUp" time="0.0">
    <ignored/>
  </testcase> <!-- @BeforeTest setUp -->
  <testcase classname="sandbox.selenium.base.BaseTest" name="@BeforeTest setUp" time="0.0">
    <ignored/>
  </testcase> <!-- @BeforeTest setUp -->
  <testcase classname="sandbox.selenium.base.BaseTest" name="@BeforeTest setUp" time="0.0">
    <ignored/>
  </testcase> <!-- @BeforeTest setUp -->
  <testcase classname="sandbox.selenium.base.BaseTest" name="@BeforeTest setUp" time="0.0">
    <ignored/>
  </testcase> <!-- @BeforeTest setUp -->
  <testcase classname="sandbox.selenium.base.BaseTest" name="@BeforeTest setUp" time="0.0">
    <ignored/>
  </testcase> <!-- @BeforeTest setUp -->
  <testcase classname="sandbox.selenium.base.BaseTest" name="@BeforeTest setUp" time="0.0">
    <ignored/>
  </testcase> <!-- @BeforeTest setUp -->
  <testcase classname="sandbox.selenium.base.BaseTest" name="@BeforeTest setUp" time="0.0">
    <ignored/>
  </testcase> <!-- @BeforeTest setUp -->
  <testcase classname="sandbox.selenium.base.BaseTest" name="@BeforeTest setUp" time="0.0">
    <ignored/>
  </testcase> <!-- @BeforeTest setUp -->
  <testcase classname="sandbox.selenium.base.BaseTest" name="@AfterTest tearDown" time="0.0">
    <ignored/>
  </testcase> <!-- @AfterTest tearDown -->
  <testcase classname="sandbox.selenium.base.BaseTest" name="@AfterTest tearDown" time="0.0">
    <ignored/>
  </testcase> <!-- @AfterTest tearDown -->
  <testcase classname="sandbox.selenium.base.BaseTest" name="@AfterTest tearDown" time="0.0">
    <ignored/>
  </testcase> <!-- @AfterTest tearDown -->
  <testcase classname="sandbox.selenium.base.BaseTest" name="@AfterTest tearDown" time="0.0">
    <ignored/>
  </testcase> <!-- @AfterTest tearDown -->
  <testcase classname="sandbox.selenium.base.BaseTest" name="@AfterTest tearDown" time="0.0">
    <ignored/>
  </testcase> <!-- @AfterTest tearDown -->
  <testcase classname="sandbox.selenium.base.BaseTest" name="@AfterTest tearDown" time="0.0">
    <ignored/>
  </testcase> <!-- @AfterTest tearDown -->
  <testcase classname="sandbox.selenium.base.BaseTest" name="@AfterTest tearDown" time="0.0">
    <ignored/>
  </testcase> <!-- @AfterTest tearDown -->
  <testcase classname="sandbox.selenium.base.BaseTest" name="@AfterTest tearDown" time="0.0">
    <ignored/>
  </testcase> <!-- @AfterTest tearDown -->
  <testcase classname="sandbox.selenium.base.BaseTest" name="@AfterTest tearDown" time="0.0">
    <ignored/>
  </testcase> <!-- @AfterTest tearDown -->
  <testcase classname="sandbox.selenium.base.BaseTest" name="@AfterTest tearDown" time="0.0">
    <ignored/>
  </testcase> <!-- @AfterTest tearDown -->
  <testcase classname="sandbox.selenium.base.BaseTest" name="@AfterTest tearDown" time="0.0">
    <ignored/>
  </testcase> <!-- @AfterTest tearDown -->
</testsuite> <!-- SandboxTestCases -->
