<?xml version="1.0" encoding="UTF-8"?>
<testng-results ignored="0" total="1" passed="1" failed="0" skipped="0">
  <reporter-output>
  </reporter-output>
  <suite started-at="2021-01-27T12:21:34 MEZ" name="Default suite" finished-at="2021-01-27T12:21:44 MEZ" duration-ms="10857">
    <groups>
    </groups>
    <test started-at="2021-01-27T12:21:34 MEZ" name="Default test" finished-at="2021-01-27T12:21:44 MEZ" duration-ms="10857">
      <class name="sandbox.selenium.testcases.EditCaseWithReplacingChar">
        <test-method is-config="true" signature="setUp()[pri:0, instance:sandbox.selenium.testcases.EditCaseWithReplacingChar@3daa422a]" started-at="2021-01-27T12:21:34 MEZ" name="setUp" finished-at="2021-01-27T12:21:40 MEZ" duration-ms="6365" status="PASS">
          <reporter-output>
          </reporter-output>
        </test-method> <!-- setUp -->
        <test-method is-config="true" signature="beforeMethod(java.lang.reflect.Method)[pri:0, instance:sandbox.selenium.testcases.EditCaseWithReplacingChar@3daa422a]" started-at="2021-01-27T12:21:40 MEZ" name="beforeMethod" finished-at="2021-01-27T12:21:40 MEZ" duration-ms="12" status="PASS">
          <params>
            <param index="0">
              <value>
                <![CDATA[protected void sandbox.selenium.testcases.EditCaseWithReplacingChar.replacingCharacters()]]>
              </value>
            </param>
          </params>
          <reporter-output>
          </reporter-output>
        </test-method> <!-- beforeMethod -->
        <test-method signature="replacingCharacters()[pri:0, instance:sandbox.selenium.testcases.EditCaseWithReplacingChar@3daa422a]" started-at="2021-01-27T12:21:40 MEZ" name="replacingCharacters" finished-at="2021-01-27T12:21:43 MEZ" duration-ms="2783" status="PASS">
          <reporter-output>
          </reporter-output>
        </test-method> <!-- replacingCharacters -->
        <test-method is-config="true" signature="afterMethod(org.testng.ITestResult, java.lang.reflect.Method)[pri:0, instance:sandbox.selenium.testcases.EditCaseWithReplacingChar@3daa422a]" started-at="2021-01-27T12:21:43 MEZ" name="afterMethod" finished-at="2021-01-27T12:21:43 MEZ" duration-ms="0" status="PASS">
          <params>
            <param index="0">
              <value>
                <![CDATA[[TestResult name=replacingCharacters status=SUCCESS method=EditCaseWithReplacingChar.replacingCharacters()[pri:0, instance:sandbox.selenium.testcases.EditCaseWithReplacingChar@3daa422a] output={null}]]]>
              </value>
            </param>
            <param index="1">
              <value>
                <![CDATA[protected void sandbox.selenium.testcases.EditCaseWithReplacingChar.replacingCharacters()]]>
              </value>
            </param>
          </params>
          <reporter-output>
          </reporter-output>
        </test-method> <!-- afterMethod -->
        <test-method is-config="true" signature="tearDown()[pri:0, instance:sandbox.selenium.testcases.EditCaseWithReplacingChar@3daa422a]" started-at="2021-01-27T12:21:43 MEZ" name="tearDown" finished-at="2021-01-27T12:21:44 MEZ" duration-ms="1648" status="PASS">
          <reporter-output>
          </reporter-output>
        </test-method> <!-- tearDown -->
      </class> <!-- sandbox.selenium.testcases.EditCaseWithReplacingChar -->
    </test> <!-- Default test -->
  </suite> <!-- Default suite -->
</testng-results>
